1730992105.005984 client started (64737): version 3.5a, socket /tmp/tmux-1000/default, protocol 8
1730992105.006001 on Linux 6.11.2-4-MANJARO #1 SMP PREEMPT_DYNAMIC Tue Oct  8 11:52:01 UTC 2024
1730992105.006004 using libevent 2.1.12-stable poll
1730992105.006009 using utf8proc 2.9.0
1730992105.006011 using ncurses 6.4 20221231
1730992105.006024 flags are 0x18010000
1730992105.006034 socket is /tmp/tmux-1000/default
1730992105.006040 trying connect
1730992105.006047 connect failed: Connection refused
1730992105.006072 lock file is /tmp/tmux-1000/default.lock
1730992105.006083 flock succeeded
1730992105.006085 got lock (6)
1730992105.006089 trying connect
1730992105.006093 connect failed: Connection refused
1730992105.006360 add peer 0x1da76490: 7 ((nil))
1730992105.006661 sending message 111 to peer 0x1da76490 (8 bytes)
1730992105.006669 sending message 111 to peer 0x1da76490 (8 bytes)
1730992105.006677 sending message 101 to peer 0x1da76490 (15 bytes)
1730992105.006679 sending message 109 to peer 0x1da76490 (4 bytes)
1730992105.006681 sending message 102 to peer 0x1da76490 (11 bytes)
1730992105.006683 sending message 108 to peer 0x1da76490 (32 bytes)
1730992105.006685 sending message 112 to peer 0x1da76490 (58 bytes)
1730992105.006686 sending message 112 to peer 0x1da76490 (5 bytes)
1730992105.006688 sending message 112 to peer 0x1da76490 (5 bytes)
1730992105.006690 sending message 112 to peer 0x1da76490 (6 bytes)
1730992105.006691 sending message 112 to peer 0x1da76490 (6 bytes)
1730992105.006693 sending message 112 to peer 0x1da76490 (11 bytes)
1730992105.006695 sending message 112 to peer 0x1da76490 (10 bytes)
1730992105.006697 sending message 112 to peer 0x1da76490 (13 bytes)
1730992105.006698 sending message 112 to peer 0x1da76490 (14 bytes)
1730992105.006700 sending message 112 to peer 0x1da76490 (19 bytes)
1730992105.006702 sending message 112 to peer 0x1da76490 (11 bytes)
1730992105.006703 sending message 112 to peer 0x1da76490 (10 bytes)
1730992105.006705 sending message 112 to peer 0x1da76490 (15 bytes)
1730992105.006707 sending message 112 to peer 0x1da76490 (21 bytes)
1730992105.006708 sending message 112 to peer 0x1da76490 (13 bytes)
1730992105.006710 sending message 112 to peer 0x1da76490 (7 bytes)
1730992105.006712 sending message 112 to peer 0x1da76490 (13 bytes)
1730992105.006713 sending message 112 to peer 0x1da76490 (7 bytes)
1730992105.006715 sending message 112 to peer 0x1da76490 (13 bytes)
1730992105.006717 sending message 112 to peer 0x1da76490 (9 bytes)
1730992105.006719 sending message 112 to peer 0x1da76490 (21 bytes)
1730992105.006720 sending message 112 to peer 0x1da76490 (13 bytes)
1730992105.006722 sending message 112 to peer 0x1da76490 (9 bytes)
1730992105.006724 sending message 112 to peer 0x1da76490 (16 bytes)
1730992105.006725 sending message 112 to peer 0x1da76490 (13 bytes)
1730992105.006727 sending message 112 to peer 0x1da76490 (9 bytes)
1730992105.006729 sending message 112 to peer 0x1da76490 (9 bytes)
1730992105.006730 sending message 112 to peer 0x1da76490 (12 bytes)
1730992105.006732 sending message 112 to peer 0x1da76490 (8 bytes)
1730992105.006734 sending message 112 to peer 0x1da76490 (8 bytes)
1730992105.006735 sending message 112 to peer 0x1da76490 (13 bytes)
1730992105.006737 sending message 112 to peer 0x1da76490 (7 bytes)
1730992105.006739 sending message 112 to peer 0x1da76490 (7 bytes)
1730992105.006741 sending message 112 to peer 0x1da76490 (9 bytes)
1730992105.006742 sending message 112 to peer 0x1da76490 (9 bytes)
1730992105.006744 sending message 112 to peer 0x1da76490 (15 bytes)
1730992105.006746 sending message 112 to peer 0x1da76490 (13 bytes)
1730992105.006747 sending message 112 to peer 0x1da76490 (12 bytes)
1730992105.006749 sending message 112 to peer 0x1da76490 (8 bytes)
1730992105.006751 sending message 112 to peer 0x1da76490 (14 bytes)
1730992105.006753 sending message 112 to peer 0x1da76490 (11 bytes)
1730992105.006754 sending message 112 to peer 0x1da76490 (9 bytes)
1730992105.006756 sending message 112 to peer 0x1da76490 (10 bytes)
1730992105.006758 sending message 112 to peer 0x1da76490 (10 bytes)
1730992105.006763 sending message 112 to peer 0x1da76490 (10 bytes)
1730992105.006765 sending message 112 to peer 0x1da76490 (10 bytes)
1730992105.006767 sending message 112 to peer 0x1da76490 (11 bytes)
1730992105.006769 sending message 112 to peer 0x1da76490 (12 bytes)
1730992105.006770 sending message 112 to peer 0x1da76490 (12 bytes)
1730992105.006772 sending message 112 to peer 0x1da76490 (12 bytes)
1730992105.006774 sending message 112 to peer 0x1da76490 (12 bytes)
1730992105.006776 sending message 112 to peer 0x1da76490 (12 bytes)
1730992105.006777 sending message 112 to peer 0x1da76490 (11 bytes)
1730992105.006779 sending message 112 to peer 0x1da76490 (11 bytes)
1730992105.006781 sending message 112 to peer 0x1da76490 (12 bytes)
1730992105.006782 sending message 112 to peer 0x1da76490 (12 bytes)
1730992105.006784 sending message 112 to peer 0x1da76490 (12 bytes)
1730992105.006786 sending message 112 to peer 0x1da76490 (12 bytes)
1730992105.006787 sending message 112 to peer 0x1da76490 (12 bytes)
1730992105.006789 sending message 112 to peer 0x1da76490 (9 bytes)
1730992105.006791 sending message 112 to peer 0x1da76490 (12 bytes)
1730992105.006792 sending message 112 to peer 0x1da76490 (13 bytes)
1730992105.006794 sending message 112 to peer 0x1da76490 (13 bytes)
1730992105.006796 sending message 112 to peer 0x1da76490 (13 bytes)
1730992105.006797 sending message 112 to peer 0x1da76490 (13 bytes)
1730992105.006799 sending message 112 to peer 0x1da76490 (13 bytes)
1730992105.006801 sending message 112 to peer 0x1da76490 (8 bytes)
1730992105.006803 sending message 112 to peer 0x1da76490 (11 bytes)
1730992105.006804 sending message 112 to peer 0x1da76490 (11 bytes)
1730992105.006806 sending message 112 to peer 0x1da76490 (11 bytes)
1730992105.006808 sending message 112 to peer 0x1da76490 (12 bytes)
1730992105.006809 sending message 112 to peer 0x1da76490 (12 bytes)
1730992105.006811 sending message 112 to peer 0x1da76490 (12 bytes)
1730992105.006813 sending message 112 to peer 0x1da76490 (12 bytes)
1730992105.006815 sending message 112 to peer 0x1da76490 (13 bytes)
1730992105.006816 sending message 112 to peer 0x1da76490 (13 bytes)
1730992105.006818 sending message 112 to peer 0x1da76490 (13 bytes)
1730992105.006820 sending message 112 to peer 0x1da76490 (8 bytes)
1730992105.006821 sending message 112 to peer 0x1da76490 (13 bytes)
1730992105.006823 sending message 112 to peer 0x1da76490 (13 bytes)
1730992105.006825 sending message 112 to peer 0x1da76490 (13 bytes)
1730992105.006826 sending message 112 to peer 0x1da76490 (13 bytes)
1730992105.006828 sending message 112 to peer 0x1da76490 (13 bytes)
1730992105.006830 sending message 112 to peer 0x1da76490 (12 bytes)
1730992105.006831 sending message 112 to peer 0x1da76490 (12 bytes)
1730992105.006833 sending message 112 to peer 0x1da76490 (12 bytes)
1730992105.006835 sending message 112 to peer 0x1da76490 (12 bytes)
1730992105.006837 sending message 112 to peer 0x1da76490 (13 bytes)
1730992105.006838 sending message 112 to peer 0x1da76490 (8 bytes)
1730992105.006840 sending message 112 to peer 0x1da76490 (13 bytes)
1730992105.006842 sending message 112 to peer 0x1da76490 (13 bytes)
1730992105.006843 sending message 112 to peer 0x1da76490 (13 bytes)
1730992105.006845 sending message 112 to peer 0x1da76490 (13 bytes)
1730992105.006847 sending message 112 to peer 0x1da76490 (13 bytes)
1730992105.006849 sending message 112 to peer 0x1da76490 (13 bytes)
1730992105.006850 sending message 112 to peer 0x1da76490 (13 bytes)
1730992105.006852 sending message 112 to peer 0x1da76490 (12 bytes)
1730992105.006854 sending message 112 to peer 0x1da76490 (12 bytes)
1730992105.006855 sending message 112 to peer 0x1da76490 (12 bytes)
1730992105.006857 sending message 112 to peer 0x1da76490 (8 bytes)
1730992105.006859 sending message 112 to peer 0x1da76490 (12 bytes)
1730992105.006860 sending message 112 to peer 0x1da76490 (13 bytes)
1730992105.006862 sending message 112 to peer 0x1da76490 (13 bytes)
1730992105.006864 sending message 112 to peer 0x1da76490 (13 bytes)
1730992105.006868 sending message 112 to peer 0x1da76490 (13 bytes)
1730992105.006869 sending message 112 to peer 0x1da76490 (13 bytes)
1730992105.006871 sending message 112 to peer 0x1da76490 (13 bytes)
1730992105.006873 sending message 112 to peer 0x1da76490 (13 bytes)
1730992105.006875 sending message 112 to peer 0x1da76490 (13 bytes)
1730992105.006876 sending message 112 to peer 0x1da76490 (12 bytes)
1730992105.006878 sending message 112 to peer 0x1da76490 (10 bytes)
1730992105.006880 sending message 112 to peer 0x1da76490 (12 bytes)
1730992105.006881 sending message 112 to peer 0x1da76490 (12 bytes)
1730992105.006883 sending message 112 to peer 0x1da76490 (12 bytes)
1730992105.006885 sending message 112 to peer 0x1da76490 (13 bytes)
1730992105.006886 sending message 112 to peer 0x1da76490 (13 bytes)
1730992105.006888 sending message 112 to peer 0x1da76490 (13 bytes)
1730992105.006890 sending message 112 to peer 0x1da76490 (13 bytes)
1730992105.006891 sending message 112 to peer 0x1da76490 (13 bytes)
1730992105.006893 sending message 112 to peer 0x1da76490 (13 bytes)
1730992105.006895 sending message 112 to peer 0x1da76490 (13 bytes)
1730992105.006897 sending message 112 to peer 0x1da76490 (10 bytes)
1730992105.006898 sending message 112 to peer 0x1da76490 (13 bytes)
1730992105.006900 sending message 112 to peer 0x1da76490 (12 bytes)
1730992105.006902 sending message 112 to peer 0x1da76490 (12 bytes)
1730992105.006904 sending message 112 to peer 0x1da76490 (12 bytes)
1730992105.006905 sending message 112 to peer 0x1da76490 (10 bytes)
1730992105.006907 sending message 112 to peer 0x1da76490 (10 bytes)
1730992105.006909 sending message 112 to peer 0x1da76490 (10 bytes)
1730992105.006910 sending message 112 to peer 0x1da76490 (12 bytes)
1730992105.006912 sending message 112 to peer 0x1da76490 (13 bytes)
1730992105.006914 sending message 112 to peer 0x1da76490 (13 bytes)
1730992105.006915 sending message 112 to peer 0x1da76490 (13 bytes)
1730992105.006917 sending message 112 to peer 0x1da76490 (13 bytes)
1730992105.006919 sending message 112 to peer 0x1da76490 (13 bytes)
1730992105.006920 sending message 112 to peer 0x1da76490 (10 bytes)
1730992105.006922 sending message 112 to peer 0x1da76490 (11 bytes)
1730992105.006924 sending message 112 to peer 0x1da76490 (12 bytes)
1730992105.006925 sending message 112 to peer 0x1da76490 (12 bytes)
1730992105.006927 sending message 112 to peer 0x1da76490 (12 bytes)
1730992105.006929 sending message 112 to peer 0x1da76490 (12 bytes)
1730992105.006931 sending message 112 to peer 0x1da76490 (12 bytes)
1730992105.006932 sending message 112 to peer 0x1da76490 (11 bytes)
1730992105.006934 sending message 112 to peer 0x1da76490 (12 bytes)
1730992105.006936 sending message 112 to peer 0x1da76490 (12 bytes)
1730992105.006937 sending message 112 to peer 0x1da76490 (13 bytes)
1730992105.006939 sending message 112 to peer 0x1da76490 (13 bytes)
1730992105.006941 sending message 112 to peer 0x1da76490 (13 bytes)
1730992105.006942 sending message 112 to peer 0x1da76490 (13 bytes)
1730992105.006944 sending message 112 to peer 0x1da76490 (13 bytes)
1730992105.006946 sending message 112 to peer 0x1da76490 (10 bytes)
1730992105.006947 sending message 112 to peer 0x1da76490 (9 bytes)
1730992105.006949 sending message 112 to peer 0x1da76490 (12 bytes)
1730992105.006951 sending message 112 to peer 0x1da76490 (13 bytes)
1730992105.006953 sending message 112 to peer 0x1da76490 (13 bytes)
1730992105.006954 sending message 112 to peer 0x1da76490 (13 bytes)
1730992105.006956 sending message 112 to peer 0x1da76490 (13 bytes)
1730992105.006958 sending message 112 to peer 0x1da76490 (13 bytes)
1730992105.006959 sending message 112 to peer 0x1da76490 (9 bytes)
1730992105.006961 sending message 112 to peer 0x1da76490 (12 bytes)
1730992105.006963 sending message 112 to peer 0x1da76490 (13 bytes)
1730992105.006964 sending message 112 to peer 0x1da76490 (13 bytes)
1730992105.006966 sending message 112 to peer 0x1da76490 (13 bytes)
1730992105.006968 sending message 112 to peer 0x1da76490 (13 bytes)
1730992105.006971 sending message 112 to peer 0x1da76490 (13 bytes)
1730992105.006973 sending message 112 to peer 0x1da76490 (11 bytes)
1730992105.006974 sending message 112 to peer 0x1da76490 (12 bytes)
1730992105.006976 sending message 112 to peer 0x1da76490 (13 bytes)
1730992105.006978 sending message 112 to peer 0x1da76490 (13 bytes)
1730992105.006979 sending message 112 to peer 0x1da76490 (13 bytes)
1730992105.006981 sending message 112 to peer 0x1da76490 (13 bytes)
1730992105.006983 sending message 112 to peer 0x1da76490 (13 bytes)
1730992105.006985 sending message 112 to peer 0x1da76490 (11 bytes)
1730992105.006986 sending message 112 to peer 0x1da76490 (12 bytes)
1730992105.006988 sending message 112 to peer 0x1da76490 (12 bytes)
1730992105.006990 sending message 112 to peer 0x1da76490 (12 bytes)
1730992105.006992 sending message 112 to peer 0x1da76490 (12 bytes)
1730992105.006993 sending message 112 to peer 0x1da76490 (12 bytes)
1730992105.006995 sending message 112 to peer 0x1da76490 (21 bytes)
1730992105.006997 sending message 112 to peer 0x1da76490 (12 bytes)
1730992105.006999 sending message 112 to peer 0x1da76490 (9 bytes)
1730992105.007000 sending message 112 to peer 0x1da76490 (6 bytes)
1730992105.007002 sending message 112 to peer 0x1da76490 (13 bytes)
1730992105.007004 sending message 112 to peer 0x1da76490 (10 bytes)
1730992105.007006 sending message 112 to peer 0x1da76490 (24 bytes)
1730992105.007007 sending message 112 to peer 0x1da76490 (13 bytes)
1730992105.007009 sending message 112 to peer 0x1da76490 (9 bytes)
1730992105.007011 sending message 112 to peer 0x1da76490 (70 bytes)
1730992105.007013 sending message 112 to peer 0x1da76490 (69 bytes)
1730992105.007015 sending message 112 to peer 0x1da76490 (12 bytes)
1730992105.007016 sending message 112 to peer 0x1da76490 (10 bytes)
1730992105.007018 sending message 112 to peer 0x1da76490 (10 bytes)
1730992105.007020 sending message 112 to peer 0x1da76490 (24 bytes)
1730992105.007022 sending message 112 to peer 0x1da76490 (13 bytes)
1730992105.007024 sending message 112 to peer 0x1da76490 (10 bytes)
1730992105.007025 sending message 112 to peer 0x1da76490 (10 bytes)
1730992105.007027 sending message 112 to peer 0x1da76490 (10 bytes)
1730992105.007029 sending message 112 to peer 0x1da76490 (13 bytes)
1730992105.007030 sending message 112 to peer 0x1da76490 (15 bytes)
1730992105.007054 sending message 112 to peer 0x1da76490 (5 bytes)
1730992105.007057 sending message 104 to peer 0x1da76490 (0 bytes)
1730992105.007059 sending message 110 to peer 0x1da76490 (0 bytes)
1730992105.007079 sending message 107 to peer 0x1da76490 (4 bytes)
1730992105.007081 sending message 105 to peer 0x1da76490 (39 bytes)
1730992105.007083 sending message 105 to peer 0x1da76490 (63 bytes)
1730992105.007085 sending message 105 to peer 0x1da76490 (36 bytes)
1730992105.007086 sending message 105 to peer 0x1da76490 (20 bytes)
1730992105.007088 sending message 105 to peer 0x1da76490 (54 bytes)
1730992105.007090 sending message 105 to peer 0x1da76490 (25 bytes)
1730992105.007092 sending message 105 to peer 0x1da76490 (11 bytes)
1730992105.007093 sending message 105 to peer 0x1da76490 (20 bytes)
1730992105.007095 sending message 105 to peer 0x1da76490 (21 bytes)
1730992105.007097 sending message 105 to peer 0x1da76490 (64 bytes)
1730992105.007099 sending message 105 to peer 0x1da76490 (24 bytes)
1730992105.007100 sending message 105 to peer 0x1da76490 (18 bytes)
1730992105.007102 sending message 105 to peer 0x1da76490 (22 bytes)
1730992105.007104 sending message 105 to peer 0x1da76490 (91 bytes)
1730992105.007106 sending message 105 to peer 0x1da76490 (17 bytes)
1730992105.007108 sending message 105 to peer 0x1da76490 (23 bytes)
1730992105.007109 sending message 105 to peer 0x1da76490 (30 bytes)
1730992105.007111 sending message 105 to peer 0x1da76490 (27 bytes)
1730992105.007113 sending message 105 to peer 0x1da76490 (24 bytes)
1730992105.007115 sending message 105 to peer 0x1da76490 (20 bytes)
1730992105.007116 sending message 105 to peer 0x1da76490 (23 bytes)
1730992105.007118 sending message 105 to peer 0x1da76490 (21 bytes)
1730992105.007122 sending message 105 to peer 0x1da76490 (25 bytes)
1730992105.007123 sending message 105 to peer 0x1da76490 (20 bytes)
1730992105.007125 sending message 105 to peer 0x1da76490 (430 bytes)
1730992105.007127 sending message 105 to peer 0x1da76490 (163 bytes)
1730992105.007129 sending message 105 to peer 0x1da76490 (319 bytes)
1730992105.007131 sending message 105 to peer 0x1da76490 (112 bytes)
1730992105.007133 sending message 105 to peer 0x1da76490 (21 bytes)
1730992105.007135 sending message 105 to peer 0x1da76490 (34 bytes)
1730992105.007136 sending message 105 to peer 0x1da76490 (15 bytes)
1730992105.007138 sending message 105 to peer 0x1da76490 (21 bytes)
1730992105.007140 sending message 105 to peer 0x1da76490 (202 bytes)
1730992105.007142 sending message 105 to peer 0x1da76490 (36 bytes)
1730992105.007143 sending message 105 to peer 0x1da76490 (15 bytes)
1730992105.007145 sending message 105 to peer 0x1da76490 (8 bytes)
1730992105.007147 sending message 105 to peer 0x1da76490 (20 bytes)
1730992105.007149 sending message 105 to peer 0x1da76490 (18 bytes)
1730992105.007151 sending message 105 to peer 0x1da76490 (22 bytes)
1730992105.007152 sending message 105 to peer 0x1da76490 (26 bytes)
1730992105.007154 sending message 105 to peer 0x1da76490 (25 bytes)
1730992105.007156 sending message 105 to peer 0x1da76490 (15 bytes)
1730992105.007158 sending message 105 to peer 0x1da76490 (20 bytes)
1730992105.007159 sending message 105 to peer 0x1da76490 (29 bytes)
1730992105.007161 sending message 105 to peer 0x1da76490 (203 bytes)
1730992105.007163 sending message 105 to peer 0x1da76490 (31 bytes)
1730992105.007165 sending message 105 to peer 0x1da76490 (15 bytes)
1730992105.007166 sending message 105 to peer 0x1da76490 (23 bytes)
1730992105.007168 sending message 105 to peer 0x1da76490 (29 bytes)
1730992105.007170 sending message 105 to peer 0x1da76490 (17 bytes)
1730992105.007171 sending message 105 to peer 0x1da76490 (25 bytes)
1730992105.007173 sending message 105 to peer 0x1da76490 (11 bytes)
1730992105.007175 sending message 105 to peer 0x1da76490 (30 bytes)
1730992105.007177 sending message 105 to peer 0x1da76490 (235 bytes)
1730992105.007178 sending message 105 to peer 0x1da76490 (26 bytes)
1730992105.007180 sending message 105 to peer 0x1da76490 (25 bytes)
1730992105.007182 sending message 105 to peer 0x1da76490 (12 bytes)
1730992105.007184 sending message 105 to peer 0x1da76490 (29 bytes)
1730992105.007186 sending message 105 to peer 0x1da76490 (75 bytes)
1730992105.007188 sending message 105 to peer 0x1da76490 (53 bytes)
1730992105.007189 sending message 105 to peer 0x1da76490 (11 bytes)
1730992105.007191 sending message 105 to peer 0x1da76490 (8 bytes)
1730992105.007193 sending message 105 to peer 0x1da76490 (32 bytes)
1730992105.007195 sending message 105 to peer 0x1da76490 (1905 bytes)
1730992105.007205 sending message 105 to peer 0x1da76490 (10 bytes)
1730992105.007207 sending message 105 to peer 0x1da76490 (24 bytes)
1730992105.007209 sending message 105 to peer 0x1da76490 (12 bytes)
1730992105.007211 sending message 105 to peer 0x1da76490 (20 bytes)
1730992105.007212 sending message 105 to peer 0x1da76490 (43 bytes)
1730992105.007214 sending message 106 to peer 0x1da76490 (0 bytes)
1730992105.007248 sending message 200 to peer 0x1da76490 (4 bytes)
1730992105.007251 client loop enter
1730992105.007261 client_signal: Child exited
1730992105.047570 peer 0x1da76490 message 207
1730992105.047578 sending message 208 to peer 0x1da76490 (0 bytes)
1730992106.797750 peer 0x1da76490 message 203
1730992106.797761 sending message 205 to peer 0x1da76490 (0 bytes)
1730992106.798558 peer 0x1da76490 message 204
1730992106.798563 client loop exit
